<?xml version="1.0" encoding="UTF-8"?>
<!-- Generated by org.testng.reporters.JUnitReportReporter -->
<testsuite hostname="MLB-CPS-C65" name="TestScripts.NewTest" tests="3" failures="0" timestamp="31 Mar 2016 12:38:30 GMT" time="51.737" errors="0">
  <testcase name="Testing" time="12.820" classname="TestScripts.NewTest"/>
  <testcase name="Testing" time="15.410" classname="TestScripts.NewTest"/>
  <testcase name="Testing" time="23.507" classname="TestScripts.NewTest"/>
</testsuite> <!-- TestScripts.NewTest -->
